warning: unused import: `alloc::boxed::Box`
  --> /Users/medcl/rust/pizza/lib/engine/src/dictionary/art.rs:54:5
   |
54 | use alloc::boxed::Box;
   |     ^^^^^^^^^^^^^^^^^
   |
   = note: `#[warn(unused_imports)]` on by default

warning: unused import: `tier_c::extract_scalar_values`
  --> /Users/medcl/rust/pizza/lib/engine/src/graph/mod.rs:40:16
   |
40 | pub(crate) use tier_c::extract_scalar_values;
   |                ^^^^^^^^^^^^^^^^^^^^^^^^^^^^^

warning: unused imports: `BucketScriptAgg`, `BucketSortAgg`, `MovingAvgAgg`, `MovingFnAgg`, `NormalizeAgg`, `PercentilesBucketAgg`, `PipelineBucketAgg`, `ScriptedMetricAgg`, and `SerialDiffAgg`
  --> /Users/medcl/rust/pizza/lib/engine/src/search/aggregator/executor.rs:39:20
   |
39 |     TopMetricsAgg, ScriptedMetricAgg, TTestAgg, RateAgg, MatrixStatsAgg, MatrixStatsFieldResult,
   |                    ^^^^^^^^^^^^^^^^^
...
43 |     PipelineBucketAgg, PercentilesBucketAgg, MovingAvgAgg, MovingFnAgg,
   |     ^^^^^^^^^^^^^^^^^  ^^^^^^^^^^^^^^^^^^^^  ^^^^^^^^^^^^  ^^^^^^^^^^^
44 |     SerialDiffAgg, BucketSortAgg, BucketScriptAgg, NormalizeAgg,
   |     ^^^^^^^^^^^^^  ^^^^^^^^^^^^^  ^^^^^^^^^^^^^^^  ^^^^^^^^^^^^

warning: unused imports: `BucketScriptAgg`, `BucketSortAgg`, `MovingAvgAgg`, `MovingFnAgg`, `NormalizeAgg`, `PercentilesBucketAgg`, `PipelineBucketAgg`, `ScriptedMetricAgg`, and `SerialDiffAgg`
  --> /Users/medcl/rust/pizza/lib/engine/src/search/aggregator/fast.rs:39:20
   |
39 |     TopMetricsAgg, ScriptedMetricAgg, TTestAgg, RateAgg, MatrixStatsAgg, MatrixStatsFieldResult,
   |                    ^^^^^^^^^^^^^^^^^
...
43 |     PipelineBucketAgg, PercentilesBucketAgg, MovingAvgAgg, MovingFnAgg,
   |     ^^^^^^^^^^^^^^^^^  ^^^^^^^^^^^^^^^^^^^^  ^^^^^^^^^^^^  ^^^^^^^^^^^
44 |     SerialDiffAgg, BucketSortAgg, BucketScriptAgg, NormalizeAgg,
   |     ^^^^^^^^^^^^^  ^^^^^^^^^^^^^  ^^^^^^^^^^^^^^^  ^^^^^^^^^^^^

warning: unused imports: `BucketScriptAgg` and `MovingFnAgg`
  --> /Users/medcl/rust/pizza/lib/engine/src/search/aggregator/pipeline.rs:42:60
   |
42 |     PipelineBucketAgg, PercentilesBucketAgg, MovingAvgAgg, MovingFnAgg,
   |                                                            ^^^^^^^^^^^
43 |     SerialDiffAgg, BucketSortAgg, BucketScriptAgg, NormalizeAgg,
   |                                   ^^^^^^^^^^^^^^^

warning: unused import: `crate::search::iterator::VectorIteratorWrapper`
  --> /Users/medcl/rust/pizza/lib/engine/src/search/plan/composer.rs:36:5
   |
36 | use crate::search::iterator::VectorIteratorWrapper;
   |     ^^^^^^^^^^^^^^^^^^^^^^^^^^^^^^^^^^^^^^^^^^^^^^

warning: unused imports: `CandidateSet`, `Candidate`, `Fuser`, `RrfFuser`, and `SignalTag`
   --> /Users/medcl/rust/pizza/lib/engine/src/search/mod.rs:714:13
    |
714 |             Candidate, CandidateSet, RrfFuser, Fuser, SignalTag,
    |             ^^^^^^^^^  ^^^^^^^^^^^^  ^^^^^^^^  ^^^^^  ^^^^^^^^^

warning: unused import: `alloc::boxed::Box`
   --> /Users/medcl/rust/pizza/lib/engine/src/search/mod.rs:717:13
    |
717 |         use alloc::boxed::Box;
    |             ^^^^^^^^^^^^^^^^^

warning: unused imports: `CandidateSet`, `Candidate`, and `SignalTag`
    --> /Users/medcl/rust/pizza/lib/engine/src/search/mod.rs:1067:24
     |
1067 |         use pipeline::{Candidate, CandidateSet, SignalTag};
     |                        ^^^^^^^^^  ^^^^^^^^^^^^  ^^^^^^^^^

warning: unused import: `pipeline::SignalTag`
    --> /Users/medcl/rust/pizza/lib/engine/src/search/mod.rs:1188:13
     |
1188 |         use pipeline::SignalTag;
     |             ^^^^^^^^^^^^^^^^^^^

warning: unused import: `alloc::format`
   --> /Users/medcl/rust/pizza/lib/engine/src/store/frozen_segment.rs:112:9
    |
112 |     use alloc::format;
    |         ^^^^^^^^^^^^^

warning: unused import: `alloc::vec`
  --> /Users/medcl/rust/pizza/lib/engine/src/store/compaction/parallel.rs:42:5
   |
42 | use alloc::vec;
   |     ^^^^^^^^^^

warning: unused import: `serialize_field_index_to_posting_blob`
  --> /Users/medcl/rust/pizza/lib/engine/src/store/compaction/parallel.rs:58:53
   |
58 |     merge_field_to_blob, merge_field_to_index_slab, serialize_field_index_to_posting_blob,
   |                                                     ^^^^^^^^^^^^^^^^^^^^^^^^^^^^^^^^^^^^^

warning: unused import: `crate::search::query::FieldQuery`
   --> /Users/medcl/rust/pizza/lib/engine/src/index/immutable/inverted/common/query_dispatch.rs:128:9
    |
128 |     use crate::search::query::FieldQuery;
    |         ^^^^^^^^^^^^^^^^^^^^^^^^^^^^^^^^

warning: unused import: `super::FIRE_MAGIC`
  --> /Users/medcl/rust/pizza/lib/engine/src/index/immutable/inverted/mem/builder.rs:32:5
   |
32 | use super::FIRE_MAGIC;
   |     ^^^^^^^^^^^^^^^^^

warning: unused import: `super::FLAG_COMPACT_POSITIONS`
  --> /Users/medcl/rust/pizza/lib/engine/src/index/immutable/inverted/mem/builder.rs:33:5
   |
33 | use super::FLAG_COMPACT_POSITIONS;
   |     ^^^^^^^^^^^^^^^^^^^^^^^^^^^^^

warning: unused import: `super::FLAG_HAS_POSITIONS`
  --> /Users/medcl/rust/pizza/lib/engine/src/index/immutable/inverted/mem/builder.rs:34:5
   |
34 | use super::FLAG_HAS_POSITIONS;
   |     ^^^^^^^^^^^^^^^^^^^^^^^^^

warning: unused import: `super::FLAG_HAS_TF`
  --> /Users/medcl/rust/pizza/lib/engine/src/index/immutable/inverted/mem/builder.rs:35:5
   |
35 | use super::FLAG_HAS_TF;
   |     ^^^^^^^^^^^^^^^^^^

warning: unused import: `super::FLAG_PER_FIELD_PRECISION`
  --> /Users/medcl/rust/pizza/lib/engine/src/index/immutable/inverted/mem/builder.rs:36:5
   |
36 | use super::FLAG_PER_FIELD_PRECISION;
   |     ^^^^^^^^^^^^^^^^^^^^^^^^^^^^^^^

warning: unused import: `super::FLAG_RECOMPUTE_SCORES`
  --> /Users/medcl/rust/pizza/lib/engine/src/index/immutable/inverted/mem/builder.rs:37:5
   |
37 | use super::FLAG_RECOMPUTE_SCORES;
   |     ^^^^^^^^^^^^^^^^^^^^^^^^^^^^

warning: unused import: `build_config::SourceMode`
  --> /Users/medcl/rust/pizza/lib/engine/src/index/immutable/inverted/mem/mod.rs:36:9
   |
36 | pub use build_config::SourceMode;
   |         ^^^^^^^^^^^^^^^^^^^^^^^^

warning: unused import: `stored_block_codec::StoredDocsCodec`
  --> /Users/medcl/rust/pizza/lib/engine/src/index/immutable/inverted/mem/mod.rs:37:9
   |
37 | pub use stored_block_codec::StoredDocsCodec;
   |         ^^^^^^^^^^^^^^^^^^^^^^^^^^^^^^^^^^^

warning: unused import: `crate::search::query::FieldQuery`
   --> /Users/medcl/rust/pizza/lib/engine/src/index/immutable/inverted/mem/mod.rs:629:13
    |
629 |         use crate::search::query::FieldQuery;
    |             ^^^^^^^^^^^^^^^^^^^^^^^^^^^^^^^^

warning: unused import: `alloc::format`
 --> /Users/medcl/rust/pizza/lib/engine/src/index/immutable/inverted/mmap/inverted_query.rs:9:5
  |
9 | use alloc::format;
  |     ^^^^^^^^^^^^^

warning: unused import: `crate::dictionary::TermDict`
    --> /Users/medcl/rust/pizza/lib/engine/src/index/immutable/inverted/mmap/inverted_query.rs:1071:21
     |
1071 |                 use crate::dictionary::TermDict;
     |                     ^^^^^^^^^^^^^^^^^^^^^^^^^^^

warning: the feature `unsigned_is_multiple_of` has been stable since 1.87.0 and no longer requires an attribute to enable
  --> /Users/medcl/rust/pizza/lib/engine/src/lib.rs:90:12
   |
90 | #![feature(unsigned_is_multiple_of)]
   |            ^^^^^^^^^^^^^^^^^^^^^^^
   |
   = note: `#[warn(stable_features)]` on by default

warning: use of deprecated method `index::immutable::inverted::mmap::MmapFrozenSegment::to_frozen_segment`: use SegmentData::stored_compact_docs() / field_index() instead
   --> /Users/medcl/rust/pizza/lib/engine/src/store/compaction/mod.rs:296:40
    |
296 |                 let segment = mmap_seg.to_frozen_segment().map_err(|e| {
    |                                        ^^^^^^^^^^^^^^^^^
    |
    = note: `#[warn(deprecated)]` on by default

warning: use of deprecated method `index::immutable::inverted::mmap::MmapFrozenSegment::to_frozen_segment`: use SegmentData::stored_compact_docs() / field_index() instead
  --> /Users/medcl/rust/pizza/lib/engine/src/index/immutable/inverted/mem/fire_file_ops.rs:44:22
   |
44 |             mmap_seg.to_frozen_segment()
   |                      ^^^^^^^^^^^^^^^^^

warning: use of deprecated method `index::immutable::inverted::mmap::MmapFrozenSegment::to_frozen_segment`: use SegmentData::stored_compact_docs() / field_index() instead
  --> /Users/medcl/rust/pizza/lib/engine/src/index/immutable/inverted/mem/fire_file_ops.rs:56:22
   |
56 |             mmap_seg.to_frozen_segment()
   |                      ^^^^^^^^^^^^^^^^^

warning: a method with this name may be added to the standard library in the future
   --> /Users/medcl/rust/pizza/lib/engine/src/kvstore/kvstore.rs:340:32
    |
340 |         let _ = self.lock_file.unlock();
    |                                ^^^^^^
    |
    = warning: once this associated item is added to the standard library, the ambiguity may cause an error or change in behavior!
    = note: for more information, see issue #48919 <https://github.com/rust-lang/rust/issues/48919>
    = help: call with fully qualified syntax `fs4::fs_std::FileExt::unlock(...)` to keep using the current method
    = note: `#[warn(unstable_name_collisions)]` on by default
help: add `#![feature(file_lock)]` to the crate attributes to enable `std::fs::File::unlock`
   --> /Users/medcl/rust/pizza/lib/engine/src/lib.rs:93:1
    |
93  + #![feature(file_lock)]
    |

warning: unused import: `crate::traits::SegmentMetadata`
   --> /Users/medcl/rust/pizza/lib/engine/src/store/compaction/streaming.rs:654:9
    |
654 |     use crate::traits::SegmentMetadata;
    |         ^^^^^^^^^^^^^^^^^^^^^^^^^^^^^^

warning: unused import: `crate::search::query::FieldQuery`
  --> /Users/medcl/rust/pizza/lib/engine/src/index/immutable/inverted/common/query_dispatch.rs:43:5
   |
43 | use crate::search::query::FieldQuery;
   |     ^^^^^^^^^^^^^^^^^^^^^^^^^^^^^^^^

warning: variable does not need to be mutable
   --> /Users/medcl/rust/pizza/lib/engine/src/document/schema.rs:118:17
    |
118 |             let mut next = |watermark: &mut u16| -> u16 {
    |                 ----^^^^
    |                 |
    |                 help: remove this `mut`
    |
    = note: `#[warn(unused_mut)]` on by default

warning: unused variable: `b`
   --> /Users/medcl/rust/pizza/lib/engine/src/search/aggregator/pipeline.rs:447:5
    |
447 |     b: &BucketSortAgg,
    |     ^ help: if this is intentional, prefix it with an underscore: `_b`
    |
    = note: `#[warn(unused_variables)]` on by default

warning: unused variable: `results`
   --> /Users/medcl/rust/pizza/lib/engine/src/search/aggregator/pipeline.rs:448:5
    |
448 |     results: &BTreeMap<String, AggResult>,
    |     ^^^^^^^ help: if this is intentional, prefix it with an underscore: `_results`

warning: unreachable pattern
   --> /Users/medcl/rust/pizza/lib/engine/src/search/query/enums.rs:117:13
    |
99  |             Query::Terms(q) => q.get_field(),
    |             --------------- matches all the relevant values
...
117 |             Query::Terms(_) => None,
    |             ^^^^^^^^^^^^^^^ no value can reach this
    |
    = note: `#[warn(unreachable_patterns)]` on by default

warning: value assigned to `last_end_pivot` is never read
   --> /Users/medcl/rust/pizza/lib/engine/src/search/highlight/mod.rs:254:13
    |
254 |     let mut last_end_pivot: usize = 0;
    |             ^^^^^^^^^^^^^^
    |
    = help: maybe it is overwritten before being read?
    = note: `#[warn(unused_assignments)]` on by default

warning: unused variable: `pre_filter_query`
    --> /Users/medcl/rust/pizza/lib/engine/src/search/mod.rs:1235:25
     |
1235 |         if let Some(ref pre_filter_query) = query.pre_filter {
     |                         ^^^^^^^^^^^^^^^^ help: if this is intentional, prefix it with an underscore: `_pre_filter_query`

warning: unused variable: `should_stop_early`
    --> /Users/medcl/rust/pizza/lib/engine/src/store/layered/generic_reader.rs:1613:17
     |
1613 |             let should_stop_early = |_collector: &TopKCollector| -> bool {
     |                 ^^^^^^^^^^^^^^^^^ help: if this is intentional, prefix it with an underscore: `_should_stop_early`

warning: variable does not need to be mutable
   --> /Users/medcl/rust/pizza/lib/engine/src/store/frozen_segment.rs:118:9
    |
118 |     let mut push = |id: u32, out: &mut Vec<u32>, seen: &mut HashSet<u32>| {
    |         ----^^^^
    |         |
    |         help: remove this `mut`

warning: unused variable: `field_doc_count`
    --> /Users/medcl/rust/pizza/lib/engine/src/store/compaction/streaming.rs:2958:41
     |
2958 |     let (new_doc_lengths, total_tokens, field_doc_count, avg_dl) =
     |                                         ^^^^^^^^^^^^^^^ help: if this is intentional, prefix it with an underscore: `_field_doc_count`

warning: variable does not need to be mutable
   --> /Users/medcl/rust/pizza/lib/engine/src/index/immutable/inverted/mem/serialization.rs:452:13
    |
452 |         let mut field_names: Vec<&str> = self
    |             ----^^^^^^^^^^^
    |             |
    |             help: remove this `mut`

warning: unused variable: `section_bytes`
    --> /Users/medcl/rust/pizza/lib/engine/src/index/immutable/inverted/mmap/mod.rs:1148:17
     |
1148 |             let section_bytes = match parsed.section_bytes(entry) {
     |                 ^^^^^^^^^^^^^ help: if this is intentional, prefix it with an underscore: `_section_bytes`

warning: variable does not need to be mutable
    --> /Users/medcl/rust/pizza/lib/engine/src/index/immutable/inverted/mmap/mod.rs:2119:25
     |
2119 |                     let mut find_or_insert =
     |                         ----^^^^^^^^^^^^^^
     |                         |
     |                         help: remove this `mut`

warning: unused variable: `driver_len`
    --> /Users/medcl/rust/pizza/lib/engine/src/index/mutable/inverted/epoch/epoch_index.rs:2846:21
     |
2846 |                 let driver_len = term_refs[shortest_idx].doc_ids.len();
     |                     ^^^^^^^^^^ help: if this is intentional, prefix it with an underscore: `_driver_len`

warning: field `live_count` is never read
   --> /Users/medcl/rust/pizza/lib/engine/src/store/compaction/streaming.rs:298:9
    |
287 | pub(crate) struct DocRemap {
    |                   -------- field in this struct
...
298 |     pub live_count: u32,
    |         ^^^^^^^^^^
    |
    = note: `DocRemap` has derived impls for the traits `Clone`, `Debug`, and `Default`, but these are intentionally ignored during dead code analysis
    = note: `#[warn(dead_code)]` on by default

warning: function `build_doc_remaps_from_control` is never used
   --> /Users/medcl/rust/pizza/lib/engine/src/store/compaction/streaming.rs:650:15
    |
650 | pub(crate) fn build_doc_remaps_from_control(
    |               ^^^^^^^^^^^^^^^^^^^^^^^^^^^^^

warning: function `merge_field_to_blob_slab` is never used
    --> /Users/medcl/rust/pizza/lib/engine/src/store/compaction/streaming.rs:1214:15
     |
1214 | pub(crate) fn merge_field_to_blob_slab(
     |               ^^^^^^^^^^^^^^^^^^^^^^^^

warning: field `min_doc_id` is never read
    --> /Users/medcl/rust/pizza/lib/engine/src/store/compaction/streaming.rs:1872:9
     |
1870 | pub(crate) struct FieldSegInfo {
     |                   ------------ field in this struct
1871 |     pub seg_idx: usize,
1872 |     pub min_doc_id: u32,
     |         ^^^^^^^^^^

warning: function `concat_slab_field_indexes` is never used
    --> /Users/medcl/rust/pizza/lib/engine/src/store/compaction/streaming.rs:2656:15
     |
2656 | pub(crate) fn concat_slab_field_indexes(
     |               ^^^^^^^^^^^^^^^^^^^^^^^^^

warning: struct `ExecutorProducerAdapter` is never constructed
   --> /Users/medcl/rust/pizza/lib/engine/src/store/executor.rs:868:19
    |
868 | pub(crate) struct ExecutorProducerAdapter<'a, S: QueryableSegment> {
    |                   ^^^^^^^^^^^^^^^^^^^^^^^

warning: associated function `new` is never used
   --> /Users/medcl/rust/pizza/lib/engine/src/store/executor.rs:876:12
    |
875 | impl<'a, S: QueryableSegment> ExecutorProducerAdapter<'a, S> {
    | ------------------------------------------------------------ associated function in this implementation
876 |     pub fn new(
    |            ^^^

warning: method `adjacency` is never used
  --> /Users/medcl/rust/pizza/lib/engine/src/index/mutable/graph/mod.rs:96:12
   |
49 | impl MutableGraphFieldStore {
   | --------------------------- method in this implementation
...
96 |     pub fn adjacency(&self) -> Arc<RwLock<AdjacencyIndex>> {
   |            ^^^^^^^^^

warning: `pizza-engine` (lib) generated 53 warnings (run `cargo fix --lib -p pizza-engine` to apply 29 suggestions)
    Checking pizza-analysis-core v0.1.0 (/Users/medcl/rust/pizza/contrib/analysis-core)
error[E0433]: failed to resolve: could not find `Cow` in `borrow`
  --> /Users/medcl/rust/pizza/contrib/analysis-core/src/normalizers/pattern_replace.rs:38:30
   |
38 |         if let core::borrow::Cow::Owned(replaced) = result {
   |                              ^^^ could not find `Cow` in `borrow`
   |
help: consider importing one of these enums
   |
1  + use std::borrow::Cow;
   |
1  + use alloc::borrow::Cow;
   |
help: if you import `Cow`, refer to it directly
   |
38 -         if let core::borrow::Cow::Owned(replaced) = result {
38 +         if let Cow::Owned(replaced) = result {
   |

error[E0603]: struct `LowercaseTokenFilter` is private
   --> /Users/medcl/rust/pizza/contrib/analysis-core/src/token_filters/mod.rs:230:33
    |
230 | pub use pizza_engine::analysis::LowercaseTokenFilter;
    |                                 ^^^^^^^^^^^^^^^^^^^^ private struct
    |
note: the struct `LowercaseTokenFilter` is defined here
   --> /Users/medcl/rust/pizza/lib/engine/src/analysis/mod.rs:55:5
    |
55  | use crate::analysis::filters::LowercaseTokenFilter;
    |     ^^^^^^^^^^^^^^^^^^^^^^^^^^^^^^^^^^^^^^^^^^^^^^
help: import `LowercaseTokenFilter` directly
    |
230 | pub use pizza_engine::analysis::filters::lowercase::LowercaseTokenFilter;
    |                                 ++++++++++++++++++++

error[E0603]: struct `UppercaseTokenFilter` is private
   --> /Users/medcl/rust/pizza/contrib/analysis-core/src/token_filters/mod.rs:267:33
    |
267 | pub use pizza_engine::analysis::UppercaseTokenFilter;
    |                                 ^^^^^^^^^^^^^^^^^^^^ private struct
    |
note: the struct `UppercaseTokenFilter` is defined here
   --> /Users/medcl/rust/pizza/lib/engine/src/analysis/mod.rs:57:5
    |
57  | use crate::analysis::filters::UppercaseTokenFilter;
    |     ^^^^^^^^^^^^^^^^^^^^^^^^^^^^^^^^^^^^^^^^^^^^^^
help: import `UppercaseTokenFilter` directly
    |
267 | pub use pizza_engine::analysis::filters::uppercase::UppercaseTokenFilter;
    |                                 ++++++++++++++++++++

warning: unused import: `alloc::borrow::Cow`
 --> /Users/medcl/rust/pizza/contrib/analysis-core/src/token_filters/condition.rs:1:5
  |
1 | use alloc::borrow::Cow;
  |     ^^^^^^^^^^^^^^^^^^
  |
  = note: `#[warn(unused_imports)]` on by default

warning: unused import: `alloc::string::String`
 --> /Users/medcl/rust/pizza/contrib/analysis-core/src/token_filters/date_recognizer.rs:2:5
  |
2 | use alloc::string::String;
  |     ^^^^^^^^^^^^^^^^^^^^^

warning: unused import: `alloc::borrow::Cow`
 --> /Users/medcl/rust/pizza/contrib/analysis-core/src/token_filters/drop_if_flagged.rs:1:5
  |
1 | use alloc::borrow::Cow;
  |     ^^^^^^^^^^^^^^^^^^

warning: unused import: `alloc::borrow::Cow`
 --> /Users/medcl/rust/pizza/contrib/analysis-core/src/token_filters/fingerprint.rs:1:5
  |
1 | use alloc::borrow::Cow;
  |     ^^^^^^^^^^^^^^^^^^

warning: unused import: `alloc::borrow::Cow`
 --> /Users/medcl/rust/pizza/contrib/analysis-core/src/token_filters/flatten_graph.rs:1:5
  |
1 | use alloc::borrow::Cow;
  |     ^^^^^^^^^^^^^^^^^^

warning: unused import: `alloc::string::String`
 --> /Users/medcl/rust/pizza/contrib/analysis-core/src/token_filters/minhash.rs:2:5
  |
2 | use alloc::string::String;
  |     ^^^^^^^^^^^^^^^^^^^^^

warning: unused import: `alloc::borrow::Cow`
 --> /Users/medcl/rust/pizza/contrib/analysis-core/src/token_filters/predicate.rs:1:5
  |
1 | use alloc::borrow::Cow;
  |     ^^^^^^^^^^^^^^^^^^

warning: unused import: `alloc::borrow::Cow`
 --> /Users/medcl/rust/pizza/contrib/analysis-core/src/token_filters/remove_duplicates.rs:1:5
  |
1 | use alloc::borrow::Cow;
  |     ^^^^^^^^^^^^^^^^^^

error[E0277]: the trait bound `ConditionalTokenFilter: TokenFilterClone` is not satisfied
  --> /Users/medcl/rust/pizza/contrib/analysis-core/src/token_filters/condition.rs:69:22
   |
69 | impl TokenFilter for ConditionalTokenFilter {
   |                      ^^^^^^^^^^^^^^^^^^^^^^ the trait `Clone` is not implemented for `ConditionalTokenFilter`
   |
   = note: required for `ConditionalTokenFilter` to implement `TokenFilterClone`
note: required by a bound in `TokenFilter`
  --> /Users/medcl/rust/pizza/lib/engine/src/analysis/traits.rs:42:24
   |
42 | pub trait TokenFilter: TokenFilterClone {
   |                        ^^^^^^^^^^^^^^^^ required by this bound in `TokenFilter`

error[E0277]: the trait bound `hyphenated_words::HyphenatedWordsTokenFilter: TokenFilterClone` is not satisfied
  --> /Users/medcl/rust/pizza/contrib/analysis-core/src/token_filters/hyphenated_words.rs:34:22
   |
34 | impl TokenFilter for HyphenatedWordsTokenFilter {
   |                      ^^^^^^^^^^^^^^^^^^^^^^^^^^ the trait `Clone` is not implemented for `hyphenated_words::HyphenatedWordsTokenFilter`
   |
   = note: required for `hyphenated_words::HyphenatedWordsTokenFilter` to implement `TokenFilterClone`
note: required by a bound in `TokenFilter`
  --> /Users/medcl/rust/pizza/lib/engine/src/analysis/traits.rs:42:24
   |
42 | pub trait TokenFilter: TokenFilterClone {
   |                        ^^^^^^^^^^^^^^^^ required by this bound in `TokenFilter`
help: consider annotating `hyphenated_words::HyphenatedWordsTokenFilter` with `#[derive(Clone)]`
   |
20 + #[derive(Clone)]
21 | pub struct HyphenatedWordsTokenFilter;
   |

error[E0277]: the trait bound `keep_types::KeepTypesTokenFilter: TokenFilterClone` is not satisfied
   --> /Users/medcl/rust/pizza/contrib/analysis-core/src/token_filters/keep_types.rs:108:22
    |
108 | impl TokenFilter for KeepTypesTokenFilter {
    |                      ^^^^^^^^^^^^^^^^^^^^ the trait `Clone` is not implemented for `keep_types::KeepTypesTokenFilter`
    |
    = note: required for `keep_types::KeepTypesTokenFilter` to implement `TokenFilterClone`
note: required by a bound in `TokenFilter`
   --> /Users/medcl/rust/pizza/lib/engine/src/analysis/traits.rs:42:24
    |
42  | pub trait TokenFilter: TokenFilterClone {
    |                        ^^^^^^^^^^^^^^^^ required by this bound in `TokenFilter`
help: consider annotating `keep_types::KeepTypesTokenFilter` with `#[derive(Clone)]`
    |
87  + #[derive(Clone)]
88  | pub struct KeepTypesTokenFilter {
    |

error[E0277]: the trait bound `protected_words::ProtectedWordsTokenFilter: TokenFilterClone` is not satisfied
  --> /Users/medcl/rust/pizza/contrib/analysis-core/src/token_filters/protected_words.rs:59:22
   |
59 | impl TokenFilter for ProtectedWordsTokenFilter {
   |                      ^^^^^^^^^^^^^^^^^^^^^^^^^ the trait `Clone` is not implemented for `protected_words::ProtectedWordsTokenFilter`
   |
   = note: required for `protected_words::ProtectedWordsTokenFilter` to implement `TokenFilterClone`
note: required by a bound in `TokenFilter`
  --> /Users/medcl/rust/pizza/lib/engine/src/analysis/traits.rs:42:24
   |
42 | pub trait TokenFilter: TokenFilterClone {
   |                        ^^^^^^^^^^^^^^^^ required by this bound in `TokenFilter`
help: consider annotating `protected_words::ProtectedWordsTokenFilter` with `#[derive(Clone)]`
   |
27 + #[derive(Clone)]
28 | pub struct ProtectedWordsTokenFilter {
   |

error[E0277]: the trait bound `Option<simple_pattern::SimplePatternTokenizer>: Tokenizer` is not satisfied
  --> /Users/medcl/rust/pizza/contrib/analysis-core/src/analyzers/mod.rs:61:9
   |
61 |         Box::new(SimplePatternTokenizer::new(r"\w+")),
   |         ^^^^^^^^^^^^^^^^^^^^^^^^^^^^^^^^^^^^^^^^^^^^^ the trait `Tokenizer` is not implemented for `Option<simple_pattern::SimplePatternTokenizer>`
   |
   = help: the following other types implement trait `Tokenizer`:
             CharGroupTokenizer
             StandardTokenizer
             WhitespaceTokenizer
             burmese::BurmeseTokenizer
             camel_case::CamelCaseTokenizer
             chinese_char::ChineseCharTokenizer
             code::CodeTokenizer
             compound_word::CompoundWordTokenizer
           and 32 others
   = note: required for the cast from `Box<Option<simple_pattern::SimplePatternTokenizer>>` to `Box<(dyn Tokenizer + 'static)>`

error[E0277]: the trait bound `Option<simple_pattern::SimplePatternSplitTokenizer>: Tokenizer` is not satisfied
  --> /Users/medcl/rust/pizza/contrib/analysis-core/src/analyzers/mod.rs:65:9
   |
65 |         Box::new(SimplePatternSplitTokenizer::new(r"\s+")),
   |         ^^^^^^^^^^^^^^^^^^^^^^^^^^^^^^^^^^^^^^^^^^^^^^^^^^ the trait `Tokenizer` is not implemented for `Option<simple_pattern::SimplePatternSplitTokenizer>`
   |
   = help: the following other types implement trait `Tokenizer`:
             CharGroupTokenizer
             StandardTokenizer
             WhitespaceTokenizer
             burmese::BurmeseTokenizer
             camel_case::CamelCaseTokenizer
             chinese_char::ChineseCharTokenizer
             code::CodeTokenizer
             compound_word::CompoundWordTokenizer
           and 32 others
   = note: required for the cast from `Box<Option<simple_pattern::SimplePatternSplitTokenizer>>` to `Box<(dyn Tokenizer + 'static)>`

error[E0599]: no variant or associated item named `NFKC` found for enum `normalizers::unicode::UnicodeNormForm` in the current scope
   --> /Users/medcl/rust/pizza/contrib/analysis-core/src/analyzers/mod.rs:108:58
    |
108 |         Box::new(UnicodeNormalizer::new(UnicodeNormForm::NFKC)),
    |                                                          ^^^^ variant or associated item not found in `normalizers::unicode::UnicodeNormForm`
    |
   ::: /Users/medcl/rust/pizza/contrib/analysis-core/src/normalizers/unicode.rs:16:1
    |
16  | pub enum UnicodeNormForm {
    | ------------------------ variant or associated item `NFKC` not found for this enum
    |
help: there is a variant with a similar name
    |
108 -         Box::new(UnicodeNormalizer::new(UnicodeNormForm::NFKC)),
108 +         Box::new(UnicodeNormalizer::new(UnicodeNormForm::Nfkc),
    |

error[E0599]: no variant or associated item named `NFC` found for enum `normalizers::unicode::UnicodeNormForm` in the current scope
   --> /Users/medcl/rust/pizza/contrib/analysis-core/src/analyzers/mod.rs:112:58
    |
112 |         Box::new(UnicodeNormalizer::new(UnicodeNormForm::NFC)),
    |                                                          ^^^ variant or associated item not found in `normalizers::unicode::UnicodeNormForm`
    |
   ::: /Users/medcl/rust/pizza/contrib/analysis-core/src/normalizers/unicode.rs:16:1
    |
16  | pub enum UnicodeNormForm {
    | ------------------------ variant or associated item `NFC` not found for this enum
    |
help: there is a variant with a similar name
    |
112 -         Box::new(UnicodeNormalizer::new(UnicodeNormForm::NFC)),
112 +         Box::new(UnicodeNormalizer::new(UnicodeNormForm::Nfc),
    |

error[E0599]: no variant or associated item named `NFKD` found for enum `normalizers::unicode::UnicodeNormForm` in the current scope
   --> /Users/medcl/rust/pizza/contrib/analysis-core/src/analyzers/mod.rs:116:58
    |
116 |         Box::new(UnicodeNormalizer::new(UnicodeNormForm::NFKD)),
    |                                                          ^^^^ variant or associated item not found in `normalizers::unicode::UnicodeNormForm`
    |
   ::: /Users/medcl/rust/pizza/contrib/analysis-core/src/normalizers/unicode.rs:16:1
    |
16  | pub enum UnicodeNormForm {
    | ------------------------ variant or associated item `NFKD` not found for this enum
    |
help: there is a variant with a similar name
    |
116 -         Box::new(UnicodeNormalizer::new(UnicodeNormForm::NFKD)),
116 +         Box::new(UnicodeNormalizer::new(UnicodeNormForm::Nfkd),
    |

error[E0599]: no variant or associated item named `NFD` found for enum `normalizers::unicode::UnicodeNormForm` in the current scope
   --> /Users/medcl/rust/pizza/contrib/analysis-core/src/analyzers/mod.rs:120:58
    |
120 |         Box::new(UnicodeNormalizer::new(UnicodeNormForm::NFD)),
    |                                                          ^^^ variant or associated item not found in `normalizers::unicode::UnicodeNormForm`
    |
   ::: /Users/medcl/rust/pizza/contrib/analysis-core/src/normalizers/unicode.rs:16:1
    |
16  | pub enum UnicodeNormForm {
    | ------------------------ variant or associated item `NFD` not found for this enum
    |
help: there is a variant with a similar name
    |
120 -         Box::new(UnicodeNormalizer::new(UnicodeNormForm::NFD)),
120 +         Box::new(UnicodeNormalizer::new(UnicodeNormForm::Nfd),
    |

error[E0061]: this function takes 0 arguments but 1 argument was supplied
   --> /Users/medcl/rust/pizza/contrib/analysis-core/src/analyzers/mod.rs:162:18
    |
162 |         Box::new(WordDelimiterGraphTokenFilter::new(
    |                  ^^^^^^^^^^^^^^^^^^^^^^^^^^^^^^^^^^
163 |             WordDelimiterConfig::default(),
    |             ------------------------------ unexpected argument of type `word_delimiter::WordDelimiterConfig`
    |
note: associated function defined here
   --> /Users/medcl/rust/pizza/contrib/analysis-core/src/token_filters/word_delimiter_graph.rs:54:12
    |
54  |     pub fn new() -> Self {
    |            ^^^
help: remove the extra argument
    |
163 -             WordDelimiterConfig::default(),
164 -         )),
163 +             )),
    |

error[E0277]: the trait bound `Option<token_filters::pattern_replace::PatternReplaceTokenFilter>: TokenFilter` is not satisfied
   --> /Users/medcl/rust/pizza/contrib/analysis-core/src/analyzers/mod.rs:170:9
    |
170 |         Box::new(PatternReplaceTokenFilter::new("", "")),
    |         ^^^^^^^^^^^^^^^^^^^^^^^^^^^^^^^^^^^^^^^^^^^^^^^^ the trait `TokenFilter` is not implemented for `Option<token_filters::pattern_replace::PatternReplaceTokenFilter>`
    |
    = help: the following other types implement trait `TokenFilter`:
              BeiderMorseFilter
              CommonGramsTokenFilter
              ConditionalTokenFilter
              DelimitedPayloadTokenFilter
              DelimitedTermFreqTokenFilter
              DictionaryDecompounderTokenFilter
              DictionaryStemTokenFilter
              HunspellStemFilter
            and 257 others
    = note: required for the cast from `Box<Option<token_filters::pattern_replace::PatternReplaceTokenFilter>>` to `Box<(dyn TokenFilter + 'static)>`

error[E0308]: mismatched types
   --> /Users/medcl/rust/pizza/contrib/analysis-core/src/analyzers/mod.rs:398:93
    |
398 |     factory.register_token_filter("drop_if_flagged", Box::new(DropIfFlaggedTokenFilter::new(0)));
    |                                                               ----------------------------- ^ expected `&str`, found integer
    |                                                               |
    |                                                               arguments to this function are incorrect
    |
note: associated function defined here
   --> /Users/medcl/rust/pizza/contrib/analysis-core/src/token_filters/drop_if_flagged.rs:15:12
    |
15  |     pub fn new(prefix: &str) -> Self {
    |            ^^^ ------------

error[E0061]: this function takes 1 argument but 2 arguments were supplied
   --> /Users/medcl/rust/pizza/contrib/analysis-core/src/analyzers/mod.rs:426:18
    |
426 |         Box::new(PatternTypingTokenFilter::new("*", 0)),
    |                  ^^^^^^^^^^^^^^^^^^^^^^^^^^^^^      - unexpected argument #2 of type `{integer}`
    |
note: expected `&[(&str, &str)]`, found `&str`
   --> /Users/medcl/rust/pizza/contrib/analysis-core/src/analyzers/mod.rs:426:48
    |
426 |         Box::new(PatternTypingTokenFilter::new("*", 0)),
    |                                                ^^^
    = note: expected reference `&[(&str, &str)]`
               found reference `&'static str`
note: associated function defined here
   --> /Users/medcl/rust/pizza/contrib/analysis-core/src/token_filters/pattern_typing.rs:16:12
    |
16  |     pub fn new(rules: &[(&str, &str)]) -> Self {
    |            ^^^ ----------------------
help: remove the extra argument
    |
426 -         Box::new(PatternTypingTokenFilter::new("*", 0)),
426 +         Box::new(PatternTypingTokenFilter::new(/* &[(&str, &str)] */)),
    |

error[E0599]: no variant or associated item named `Fnv` found for enum `encoding_hash::HashAlgorithm` in the current scope
   --> /Users/medcl/rust/pizza/contrib/analysis-core/src/analyzers/mod.rs:474:103
    |
474 |     factory.register_token_filter("hash_synonym", Box::new(HashSynonymTokenFilter::new(HashAlgorithm::Fnv)));
    |                                                                                                       ^^^ variant or associated item not found in `encoding_hash::HashAlgorithm`
    |
   ::: /Users/medcl/rust/pizza/contrib/analysis-core/src/token_filters/encoding_hash.rs:187:1
    |
187 | pub enum HashAlgorithm { Fnv1a, Crc32, Murmur3 }
    | ---------------------- variant or associated item `Fnv` not found for this enum

error[E0061]: this function takes 1 argument but 0 arguments were supplied
   --> /Users/medcl/rust/pizza/contrib/analysis-core/src/analyzers/mod.rs:508:64
    |
508 |     factory.register_token_filter("collapse_repeats", Box::new(CollapseRepeatsTokenFilter::new()));
    |                                                                ^^^^^^^^^^^^^^^^^^^^^^^^^^^^^^^-- argument #1 of type `usize` is missing
    |
note: associated function defined here
   --> /Users/medcl/rust/pizza/contrib/analysis-core/src/token_filters/text_transform.rs:262:12
    |
262 |     pub fn new(max: usize) -> Self { Self { max_repeats: max } }
    |            ^^^ ----------
help: provide the argument
    |
508 |     factory.register_token_filter("collapse_repeats", Box::new(CollapseRepeatsTokenFilter::new(/* usize */)));
    |                                                                                                +++++++++++

error[E0308]: mismatched types
   --> /Users/medcl/rust/pizza/contrib/analysis-core/src/token_filters/stopwords/arabic.rs:2:44
    |
2   |   pub const ARABIC_STOP_WORDS: [&str; 162] = [
    |  _____________________________________---____^
    | |                                     |
    | |                                     help: consider specifying the actual array length: `169`
3   | |     "من",
4   | |     "ومن",
5   | |     "منها",
...   |
171 | |     "كل",
172 | | ];
    | |_^ expected an array with a size of 162, found one with a size of 169

error[E0308]: mismatched types
 --> /Users/medcl/rust/pizza/contrib/analysis-core/src/token_filters/stopwords/chinese.rs:2:44
  |
2 |   pub const CHINESE_STOP_WORDS: [&str; 82] = [
  |  ______________________________________--____^
  | |                                      |
  | |                                      help: consider specifying the actual array length: `83`
3 | |     "的", "了", "在", "是", "我", "有", "和", "就", "不", "人", "都", "一", "一个", "上", "也",
4 | |     "很", "到", "说", "要", "去", "你", "会", "着", "没有", "看", "好", "自己", "这", "他", "她",
5 | |     "它", "吗", "什么", "那", "又", "被", "从", "把", "那个", "但", "为", "还", "已", "已经", "而",
... |
8 | |     "这个", "那些", "这些", "怎么", "哪里", "谁",
9 | | ];
  | |_^ expected an array with a size of 82, found one with a size of 83

error[E0308]: mismatched types
  --> /Users/medcl/rust/pizza/contrib/analysis-core/src/token_filters/stopwords/croatian.rs:2:46
   |
2  |   pub const CROATIAN_STOP_WORDS: [&str; 100] = [
   |  _______________________________________---____^
   | |                                       |
   | |                                       help: consider specifying the actual array length: `105`
3  | |     "a", "ali", "bi", "bih", "bila", "bili", "bilo", "bio", "bismo", "biste", "biti", "blizu",
4  | |     "broj", "da", "do", "dok", "dva", "ga", "gdje", "god", "i", "ići", "ih", "ili", "ima", "iz",
5  | |     "ja", "je", "jedna", "jedne", "jedno", "jedan", "jer", "još", "ju", "k", "ka", "kad", "kada",
...  |
11 | |     "si", "smo", "ste", "su",
12 | | ];
   | |_^ expected an array with a size of 100, found one with a size of 105

error[E0308]: mismatched types
  --> /Users/medcl/rust/pizza/contrib/analysis-core/src/token_filters/stopwords/hebrew.rs:2:43
   |
2  |   pub const HEBREW_STOP_WORDS: [&str; 88] = [
   |  _____________________________________--____^
   | |                                     |
   | |                                     help: consider specifying the actual array length: `89`
3  | |     "של",
4  | |     "רב",
5  | |     "פי",
...  |
91 | |     "שלהם",
92 | | ];
   | |_^ expected an array with a size of 88, found one with a size of 89

error[E0308]: mismatched types
  --> /Users/medcl/rust/pizza/contrib/analysis-core/src/token_filters/stopwords/korean.rs:2:43
   |
2  |   pub const KOREAN_STOP_WORDS: [&str; 74] = [
   |  _____________________________________--____^
   | |                                     |
   | |                                     help: consider specifying the actual array length: `76`
3  | |     "가",
4  | |     "가까스로",
5  | |     "것",
...  |
78 | |     "할",
79 | | ];
   | |_^ expected an array with a size of 74, found one with a size of 76

error[E0308]: mismatched types
  --> /Users/medcl/rust/pizza/contrib/analysis-core/src/token_filters/stopwords/malay.rs:2:42
   |
2  |   pub const MALAY_STOP_WORDS: [&str; 80] = [
   |  ____________________________________--____^
   | |                                    |
   | |                                    help: consider specifying the actual array length: `79`
3  | |     "ada", "adakah", "adalah", "adanya", "adapun", "agak", "akan", "akhir", "aku", "amat", "anda",
4  | |     "antara", "apa", "apakah", "atau", "bagi", "bahawa", "bahwa", "belum", "berada", "berapa",
5  | |     "bersama", "bisa", "boleh", "dan", "dari", "dengan", "dia", "hal", "hampir", "harus", "hendak",
...  |
10 | |     "tidak", "tiap", "tiba", "untuk", "yang",
11 | | ];
   | |_^ expected an array with a size of 80, found one with a size of 79

error[E0308]: mismatched types
  --> /Users/medcl/rust/pizza/contrib/analysis-core/src/token_filters/stopwords/marathi.rs:2:44
   |
2  |   pub const MARATHI_STOP_WORDS: [&str; 72] = [
   |  ______________________________________--____^
   | |                                      |
   | |                                      help: consider specifying the actual array length: `73`
3  | |     "आणि",
4  | |     "आहे",
5  | |     "एक",
...  |
75 | |     "असा",
76 | | ];
   | |_^ expected an array with a size of 72, found one with a size of 73

error[E0308]: mismatched types
  --> /Users/medcl/rust/pizza/contrib/analysis-core/src/token_filters/stopwords/nepali.rs:2:43
   |
2  |   pub const NEPALI_STOP_WORDS: [&str; 68] = [
   |  _____________________________________--____^
   | |                                     |
   | |                                     help: consider specifying the actual array length: `69`
3  | |     "छ",
4  | |     "र",
5  | |     "पनि",
...  |
71 | |     "पहिले",
72 | | ];
   | |_^ expected an array with a size of 68, found one with a size of 69

error[E0308]: mismatched types
   --> /Users/medcl/rust/pizza/contrib/analysis-core/src/token_filters/stopwords/slovak.rs:2:44
    |
2   |   pub const SLOVAK_STOP_WORDS: [&str; 110] = [
    |  _____________________________________---____^
    | |                                     |
    | |                                     help: consider specifying the actual array length: `126`
3   | |     "a",
4   | |     "aby",
5   | |     "aj",
...   |
128 | |     "že",
129 | | ];
    | |_^ expected an array with a size of 110, found one with a size of 126

error[E0308]: mismatched types
  --> /Users/medcl/rust/pizza/contrib/analysis-core/src/token_filters/stopwords/slovenian.rs:2:46
   |
2  |   pub const SLOVENIAN_STOP_WORDS: [&str; 94] = [
   |  ________________________________________--____^
   | |                                        |
   | |                                        help: consider specifying the actual array length: `96`
3  | |     "a", "ali", "ampak", "bi", "bil", "bila", "bile", "bili", "bilo", "biti", "blizu", "bo",
4  | |     "bodo", "bom", "boš", "bova", "brez", "da", "do", "dokler", "ga", "ga", "ge", "i", "in", "iz",
5  | |     "ja", "jaz", "je", "ji", "jih", "jim", "jo", "kaj", "kakor", "kam", "kdaj", "kdo", "ker", "ki",
...  |
10 | |     "ste", "ta", "tudi", "že",
11 | | ];
   | |_^ expected an array with a size of 94, found one with a size of 96

error[E0308]: mismatched types
  --> /Users/medcl/rust/pizza/contrib/analysis-core/src/token_filters/stopwords/swahili.rs:2:44
   |
2  |   pub const SWAHILI_STOP_WORDS: [&str; 74] = [
   |  ______________________________________--____^
   | |                                      |
   | |                                      help: consider specifying the actual array length: `75`
3  | |     "akasema", "alikuwa", "alisema", "au", "baada", "basi", "bila", "cha", "chini", "hadi", "hapo",
4  | |     "hata", "hii", "hiyo", "hizo", "huku", "huo", "huyu", "ili", "ilikuwa", "juu", "kama",
5  | |     "karibu", "katika", "kila", "kisha", "kufanya", "kuhusu", "kuja", "kwa", "kwamba", "kwenda",
...  |
9  | |     "yao", "yeye", "yule", "za", "zaidi", "zake", "huyo", "ile", "hii",
10 | | ];
   | |_^ expected an array with a size of 74, found one with a size of 75

error[E0308]: mismatched types
  --> /Users/medcl/rust/pizza/contrib/analysis-core/src/token_filters/stopwords/tagalog.rs:2:44
   |
2  |   pub const TAGALOG_STOP_WORDS: [&str; 72] = [
   |  ______________________________________--____^
   | |                                      |
   | |                                      help: consider specifying the actual array length: `74`
3  | |     "akin", "aking", "ako", "alin", "am", "amin", "aming", "ang", "ano", "anumang", "apat", "at",
4  | |     "atin", "ating", "ay", "bababa", "bago", "bakit", "bawat", "bilang", "dahil", "dalawa",
5  | |     "dapat", "din", "dito", "doon", "gagawin", "gayunman", "ginagawa", "ginawa", "gusto", "habang",
...  |
9  | |     "kong", "kulang", "kung", "laban", "lahat", "lamang", "lang", "maaari", "mga", "na", "namin",
10 | | ];
   | |_^ expected an array with a size of 72, found one with a size of 74

error[E0308]: mismatched types
  --> /Users/medcl/rust/pizza/contrib/analysis-core/src/token_filters/stopwords/urdu.rs:2:41
   |
2  |   pub const URDU_STOP_WORDS: [&str; 78] = [
   |  ___________________________________--____^
   | |                                   |
   | |                                   help: consider specifying the actual array length: `79`
3  | |     "آئے",
4  | |     "آج",
5  | |     "آخر",
...  |
81 | |     "یہ",
82 | | ];
   | |_^ expected an array with a size of 78, found one with a size of 79

error[E0308]: mismatched types
   --> /Users/medcl/rust/pizza/contrib/analysis-core/src/token_filters/stopwords/vietnamese.rs:2:47
    |
2   |   pub const VIETNAMESE_STOP_WORDS: [&str; 96] = [
    |  _________________________________________--____^
    | |                                         |
    | |                                         help: consider specifying the actual array length: `97`
3   | |     "bị",
4   | |     "bởi",
5   | |     "cả",
...   |
99  | |     "ai",
100 | | ];
    | |_^ expected an array with a size of 96, found one with a size of 97

warning: unreachable pattern
   --> /Users/medcl/rust/pizza/contrib/analysis-core/src/token_filters/additional_stemmers.rs:617:15
    |
616 |             "sse" | "ste" | "sta" | "des" | "tes" | "tel" | "tud" | "nud" | "dud" | "lik"
    |                                                                                     ----- matches all the relevant values
617 |             | "lik" => {
    |               ^^^^^ no value can reach this
    |
    = note: `#[warn(unreachable_patterns)]` on by default

error[E0506]: cannot assign to `token.term` because it is borrowed
  --> /Users/medcl/rust/pizza/contrib/analysis-core/src/token_filters/edge_ngram.rs:64:17
   |
41 |         let text = token.term.as_ref();
   |                    ---------- `token.term` is borrowed here
...
64 |                 token.term = Cow::Owned(gram);
   |                 ^^^^^^^^^^ `token.term` is assigned to here but it was already borrowed
...
78 |                 term: Cow::Owned(text.to_string()),
   |                                  ---- borrow later used here

warning: unreachable pattern
   --> /Users/medcl/rust/pizza/contrib/analysis-core/src/token_filters/european_stemmers.rs:247:37
    |
247 |             "ами" | "ями" | "ому" | "ому" | "ого" | "ним" | "ных" | "ить" | "ать" | "ять"
    |                             -----   ^^^^^ no value can reach this
    |                             |
    |                             matches all the relevant values

warning: unreachable pattern
   --> /Users/medcl/rust/pizza/contrib/analysis-core/src/token_filters/european_stemmers.rs:257:62
    |
257 |             "ов" | "ев" | "ей" | "ий" | "ая" | "ое" | "ые" | "ий" | "ам" | "ям" | "ом" | "ем"
    |                                  ----                        ^^^^ no value can reach this
    |                                  |
    |                                  matches all the relevant values

warning: unreachable pattern
   --> /Users/medcl/rust/pizza/contrib/analysis-core/src/token_filters/european_stemmers.rs:258:50
    |
257 |             "ов" | "ев" | "ей" | "ий" | "ая" | "ое" | "ые" | "ий" | "ам" | "ям" | "ом" | "ем"
    |                           ---- matches all the relevant values
258 |             | "ах" | "ях" | "ую" | "юю" | "ть" | "ей" | "ий" | "ых" | "их" => {
    |                                                  ^^^^ no value can reach this

warning: unreachable pattern
   --> /Users/medcl/rust/pizza/contrib/analysis-core/src/token_filters/european_stemmers.rs:258:57
    |
257 |             "ов" | "ев" | "ей" | "ий" | "ая" | "ое" | "ые" | "ий" | "ам" | "ям" | "ом" | "ем"
    |                                  ---- matches all the relevant values
258 |             | "ах" | "ях" | "ую" | "юю" | "ть" | "ей" | "ий" | "ых" | "их" => {
    |                                                         ^^^^ no value can reach this

warning: unreachable pattern
   --> /Users/medcl/rust/pizza/contrib/analysis-core/src/token_filters/finnish_hungarian_indonesian_stemmers.rs:126:49
    |
126 |             "akat" | "eket" | "oket" | "okat" | "eket" | "ünök" | "anok" | "enök" | "änak"
    |                      ------                     ^^^^^^ no value can reach this
    |                      |
    |                      matches all the relevant values

warning: unreachable pattern
   --> /Users/medcl/rust/pizza/contrib/analysis-core/src/token_filters/finnish_hungarian_indonesian_stemmers.rs:140:63
    |
139 |             "ban" | "ben" | "nak" | "nek" | "ból" | "ből" | "hoz" | "hez" | "höz" | "ról"
    |                                     ----- matches all the relevant values
140 |             | "ről" | "tól" | "től" | "val" | "vel" | "ért" | "nek" | "ban" | "vál" | "vél"
    |                                                               ^^^^^ no value can reach this

warning: unreachable pattern
   --> /Users/medcl/rust/pizza/contrib/analysis-core/src/token_filters/finnish_hungarian_indonesian_stemmers.rs:140:71
    |
139 |             "ban" | "ben" | "nak" | "nek" | "ból" | "ből" | "hoz" | "hez" | "höz" | "ról"
    |             ----- matches all the relevant values
140 |             | "ről" | "tól" | "től" | "val" | "vel" | "ért" | "nek" | "ban" | "vál" | "vél"
    |                                                                       ^^^^^ no value can reach this

warning: unreachable pattern
   --> /Users/medcl/rust/pizza/contrib/analysis-core/src/token_filters/finnish_hungarian_indonesian_stemmers.rs:141:15
    |
139 |             "ban" | "ben" | "nak" | "nek" | "ból" | "ből" | "hoz" | "hez" | "höz" | "ról"
    |                                             ----- matches all the relevant values
140 |             | "ről" | "tól" | "től" | "val" | "vel" | "ért" | "nek" | "ban" | "vál" | "vél"
141 |             | "ból" | "ből" | "nak" | "nek" => {
    |               ^^^^^ no value can reach this

warning: unreachable pattern
   --> /Users/medcl/rust/pizza/contrib/analysis-core/src/token_filters/finnish_hungarian_indonesian_stemmers.rs:141:23
    |
139 |             "ban" | "ben" | "nak" | "nek" | "ból" | "ből" | "hoz" | "hez" | "höz" | "ról"
    |                                                     ----- matches all the relevant values
140 |             | "ről" | "tól" | "től" | "val" | "vel" | "ért" | "nek" | "ban" | "vál" | "vél"
141 |             | "ból" | "ből" | "nak" | "nek" => {
    |                       ^^^^^ no value can reach this

warning: unreachable pattern
   --> /Users/medcl/rust/pizza/contrib/analysis-core/src/token_filters/finnish_hungarian_indonesian_stemmers.rs:141:31
    |
139 |             "ban" | "ben" | "nak" | "nek" | "ból" | "ből" | "hoz" | "hez" | "höz" | "ról"
    |                             ----- matches all the relevant values
140 |             | "ről" | "tól" | "től" | "val" | "vel" | "ért" | "nek" | "ban" | "vál" | "vél"
141 |             | "ból" | "ből" | "nak" | "nek" => {
    |                               ^^^^^ no value can reach this

warning: unreachable pattern
   --> /Users/medcl/rust/pizza/contrib/analysis-core/src/token_filters/finnish_hungarian_indonesian_stemmers.rs:141:39
    |
139 |             "ban" | "ben" | "nak" | "nek" | "ból" | "ből" | "hoz" | "hez" | "höz" | "ról"
    |                                     ----- matches all the relevant values
140 |             | "ről" | "tól" | "től" | "val" | "vel" | "ért" | "nek" | "ban" | "vál" | "vél"
141 |             | "ból" | "ből" | "nak" | "nek" => {
    |                                       ^^^^^ no value can reach this

warning: unused variable: `token`
  --> /Users/medcl/rust/pizza/contrib/analysis-core/src/token_filters/fixed_shingle.rs:33:26
   |
33 |     fn filter<'a>(&self, token: &mut Token<'a>) -> (bool, Option<Vec<Token<'a>>>) {
   |                          ^^^^^ help: if this is intentional, prefix it with an underscore: `_token`
   |
   = note: `#[warn(unused_variables)]` on by default

warning: unreachable pattern
  --> /Users/medcl/rust/pizza/contrib/analysis-core/src/token_filters/greek_stem.rs:61:15
   |
59 |             "ιζα" | "ιζε" | "ιζω" | "ικα" | "ικε" | "ικο" | "ισα" | "ισε" | "ισω" | "ατα"
   |                                                                             ----- matches all the relevant values
60 |             | "ατε" | "ατο" | "ετα" | "ετε" | "ηκα" | "ηκε" | "ητα" | "ητε" | "ησε" | "ικη"
61 |             | "ισω" | "ουν" | "ουσ" | "ωμα" | "ωσε" => return Some(len - 3),
   |               ^^^^^ no value can reach this

warning: unreachable pattern
  --> /Users/medcl/rust/pizza/contrib/analysis-core/src/token_filters/hindi_stem.rs:65:47
   |
65 |             "ियाँ" | "ाओं" | "ुओं" | "ियों" | "ियाँ" | "ाएँ" | "ाएं" | "ों" => {
   |             -----                        ^^^^^ no value can reach this
   |             |
   |             matches all the relevant values

warning: unreachable pattern
  --> /Users/medcl/rust/pizza/contrib/analysis-core/src/token_filters/hindi_stem.rs:76:27
   |
76 |             "ों" | "ें" | "ों" | "ो\u{0902}" | "े\u{0902}" | "ा\u{0902}" | "ी\u{0902}" | "िं" | "ाँ"
   |             ---        ^^^ no value can reach this
   |             |
   |             matches all the relevant values

warning: unreachable pattern
  --> /Users/medcl/rust/pizza/contrib/analysis-core/src/token_filters/hindi_stem.rs:76:34
   |
76 |             "ों" | "ें" | "ों" | "ो\u{0902}" | "े\u{0902}" | "ा\u{0902}" | "ी\u{0902}" | "िं" | "ाँ"
   |             ---              ^^^^^^^^^^^ no value can reach this
   |             |
   |             matches all the relevant values

warning: unreachable pattern
  --> /Users/medcl/rust/pizza/contrib/analysis-core/src/token_filters/hindi_stem.rs:76:48
   |
76 |             "ों" | "ें" | "ों" | "ो\u{0902}" | "े\u{0902}" | "ा\u{0902}" | "ी\u{0902}" | "िं" | "ाँ"
   |                   --                       ^^^^^^^^^^ no value can reach this
   |                   |
   |                   matches all the relevant values

warning: unreachable pattern
  --> /Users/medcl/rust/pizza/contrib/analysis-core/src/token_filters/hindi_stem.rs:77:15
   |
76 |             "ों" | "ें" | "ों" | "ो\u{0902}" | "े\u{0902}" | "ा\u{0902}" | "ी\u{0902}" | "िं" | "ाँ"
   |                                                                                     --- matches all the relevant values
77 |             | "ि\u{0902}" | "ा\u{0901}" | "ी\u{0901}" | "ों" | "ें" => {
   |               ^^^^^^^^^^^ no value can reach this

warning: unreachable pattern
  --> /Users/medcl/rust/pizza/contrib/analysis-core/src/token_filters/hindi_stem.rs:77:29
   |
76 |             "ों" | "ें" | "ों" | "ो\u{0902}" | "े\u{0902}" | "ा\u{0902}" | "ी\u{0902}" | "िं" | "ाँ"
   |                                                                                           --- matches all the relevant values
77 |             | "ि\u{0902}" | "ा\u{0901}" | "ी\u{0901}" | "ों" | "ें" => {
   |                             ^^^^^^^^^^^ no value can reach this

warning: unreachable pattern
  --> /Users/medcl/rust/pizza/contrib/analysis-core/src/token_filters/hindi_stem.rs:77:57
   |
76 |             "ों" | "ें" | "ों" | "ो\u{0902}" | "े\u{0902}" | "ा\u{0902}" | "ी\u{0902}" | "िं" | "ाँ"
   |             --- matches all the relevant values
77 |             | "ि\u{0902}" | "ा\u{0901}" | "ी\u{0901}" | "ों" | "ें" => {
   |                                                         ^^^ no value can reach this

warning: unreachable pattern
  --> /Users/medcl/rust/pizza/contrib/analysis-core/src/token_filters/hindi_stem.rs:77:64
   |
76 |             "ों" | "ें" | "ों" | "ो\u{0902}" | "े\u{0902}" | "ा\u{0902}" | "ी\u{0902}" | "िं" | "ाँ"
   |                   -- matches all the relevant values
77 |             | "ि\u{0902}" | "ा\u{0901}" | "ी\u{0901}" | "ों" | "ें" => {
   |                                                               ^^ no value can reach this

warning: unreachable pattern
   --> /Users/medcl/rust/pizza/contrib/analysis-core/src/token_filters/misc_stemmers.rs:143:37
    |
143 |             "ene" | "ede" | "ane" | "ede" | "het" | "ert" => {
    |                     -----           ^^^^^ no value can reach this
    |                     |
    |                     matches all the relevant values

error[E0506]: cannot assign to `token.term` because it is borrowed
  --> /Users/medcl/rust/pizza/contrib/analysis-core/src/token_filters/ngram.rs:59:21
   |
41 |         let text = token.term.as_ref();
   |                    ---------- `token.term` is borrowed here
...
59 |                     token.term = Cow::Owned(gram);
   |                     ^^^^^^^^^^ `token.term` is assigned to here but it was already borrowed
...
76 |                 term: Cow::Owned(text.to_string()),
   |                                  ---- borrow later used here

warning: variable does not need to be mutable
  --> /Users/medcl/rust/pizza/contrib/analysis-core/src/token_filters/norwegian_minimal_stem.rs:56:13
   |
56 |         let mut chars: Vec<char> = text.chars().collect();
   |             ----^^^^^
   |             |
   |             help: remove this `mut`
   |
   = note: `#[warn(unused_mut)]` on by default

warning: unreachable pattern
  --> /Users/medcl/rust/pizza/contrib/analysis-core/src/token_filters/persian_stem.rs:71:13
   |
70 |             "ی\u{06CC}" | // یی
   |             ----------- matches all the relevant values
71 |             "\u{06CC}\u{06CC}" => return Some(len - 2),
   |             ^^^^^^^^^^^^^^^^^^ no value can reach this

warning: variable does not need to be mutable
  --> /Users/medcl/rust/pizza/contrib/analysis-core/src/token_filters/spanish_plural_stem.rs:70:9
   |
70 |     let mut len = chars.len();
   |         ----^^^
   |         |
   |         help: remove this `mut`

warning: unreachable pattern
   --> /Users/medcl/rust/pizza/contrib/analysis-core/src/token_filters/advanced_unicode.rs:314:9
    |
312 |         0x1F1E0..=0x1F1FF | 0x2702..=0x27B0 | 0x24C2..=0x1F251 |
    |                                               ---------------- matches all the relevant values
313 |         0x1F900..=0x1F9FF | 0x1FA00..=0x1FA6F | 0x1FA70..=0x1FAFF |
314 |         0x2600..=0x26FF | 0x2700..=0x27BF | 0xFE00..=0xFE0F |
    |         ^^^^^^^^^^^^^^^ no value can reach this

warning: unreachable pattern
   --> /Users/medcl/rust/pizza/contrib/analysis-core/src/token_filters/advanced_unicode.rs:314:27
    |
314 |         0x2600..=0x26FF | 0x2700..=0x27BF | 0xFE00..=0xFE0F |
    |                           ^^^^^^^^^^^^^^^ no value can reach this
    |
note: multiple earlier patterns match some of the same values
   --> /Users/medcl/rust/pizza/contrib/analysis-core/src/token_filters/advanced_unicode.rs:314:27
    |
312 |         0x1F1E0..=0x1F1FF | 0x2702..=0x27B0 | 0x24C2..=0x1F251 |
    |                             ---------------   ---------------- matches some of the same values
    |                             |
    |                             matches some of the same values
313 |         0x1F900..=0x1F9FF | 0x1FA00..=0x1FA6F | 0x1FA70..=0x1FAFF |
314 |         0x2600..=0x26FF | 0x2700..=0x27BF | 0xFE00..=0xFE0F |
    |                           ^^^^^^^^^^^^^^^ collectively making this unreachable

warning: unreachable pattern
   --> /Users/medcl/rust/pizza/contrib/analysis-core/src/token_filters/advanced_unicode.rs:314:45
    |
312 |         0x1F1E0..=0x1F1FF | 0x2702..=0x27B0 | 0x24C2..=0x1F251 |
    |                                               ---------------- matches all the relevant values
313 |         0x1F900..=0x1F9FF | 0x1FA00..=0x1FA6F | 0x1FA70..=0x1FAFF |
314 |         0x2600..=0x26FF | 0x2700..=0x27BF | 0xFE00..=0xFE0F |
    |                                             ^^^^^^^^^^^^^^^ no value can reach this

warning: unreachable pattern
   --> /Users/medcl/rust/pizza/contrib/analysis-core/src/token_filters/advanced_unicode.rs:315:9
    |
312 |         0x1F1E0..=0x1F1FF | 0x2702..=0x27B0 | 0x24C2..=0x1F251 |
    |                                               ---------------- matches all the relevant values
...
315 |         0x1F000..=0x1F02F
    |         ^^^^^^^^^^^^^^^^^ no value can reach this

warning: unreachable pattern
   --> /Users/medcl/rust/pizza/contrib/analysis-core/src/token_filters/emoji.rs:243:9
    |
237 |         0x2700..=0x27BF   | // Dingbats
    |         --------------- matches all the relevant values
...
243 |         0x2764            | // Heart
    |         ^^^^^^ no value can reach this

error[E0506]: cannot assign to `token.term` because it is borrowed
   --> /Users/medcl/rust/pizza/contrib/analysis-core/src/token_filters/number_convert.rs:286:17
    |
282 |         let text = token.term.as_ref();
    |                    ---------- `token.term` is borrowed here
...
286 |                 token.term = Cow::Owned(format!("{:.4}", normalized));
    |                 ^^^^^^^^^^ `token.term` is assigned to here but it was already borrowed
287 |                 let tag = Token {
288 |                     term: Cow::Owned(format!("_pct:{}", num_str)),
    |                                                         ------- borrow later used here

warning: unused variable: `result`
   --> /Users/medcl/rust/pizza/contrib/analysis-core/src/token_filters/security_privacy.rs:170:17
    |
170 |             let result = self.pattern.replace_all(text, "***-**-$0");
    |                 ^^^^^^ help: if this is intentional, prefix it with an underscore: `_result`

warning: unused variable: `i`
   --> /Users/medcl/rust/pizza/contrib/analysis-core/src/token_filters/text_metrics.rs:218:10
    |
218 |     for (i, &c) in chars.iter().enumerate() {
    |          ^ help: if this is intentional, prefix it with an underscore: `_i`

error[E0506]: cannot assign to `token.term` because it is borrowed
   --> /Users/medcl/rust/pizza/contrib/analysis-core/src/token_filters/cherokee_khmer.rs:131:9
    |
107 |         let text = token.term.as_ref();
    |                    ---------- `token.term` is borrowed here
...
131 |         token.term = Cow::Owned(words[0].to_string());
    |         ^^^^^^^^^^ `token.term` is assigned to here but it was already borrowed
132 |
133 |         let mut extra: Vec<Token<'a>> = Vec::with_capacity(words.len() - 1);
    |                                                            ----- borrow later used here

warning: unreachable pattern
   --> /Users/medcl/rust/pizza/contrib/analysis-core/src/token_filters/navajo_nahuatl_aymara.rs:190:9
    |
180 |         "dóó" | "doo" |          // and / not
    |                 ----- matches all the relevant values
...
190 |         "doo" |                   // negative
    |         ^^^^^ no value can reach this

error[E0506]: cannot assign to `token.term` because it is borrowed
  --> /Users/medcl/rust/pizza/contrib/analysis-core/src/token_filters/tibetan.rs:52:9
   |
29 |         let text = token.term.as_ref();
   |                    ---------- `token.term` is borrowed here
...
52 |         token.term = Cow::Owned(syllables[0].to_string());
   |         ^^^^^^^^^^ `token.term` is assigned to here but it was already borrowed
...
55 |         let mut extra: Vec<Token<'a>> = Vec::with_capacity(syllables.len() - 1);
   |                                                            --------- borrow later used here

warning: unreachable pattern
   --> /Users/medcl/rust/pizza/contrib/analysis-core/src/token_filters/welsh.rs:179:26
    |
168 |         "a" | "ac" | "am" | "ar" | "at" | "â" |
    |                             ---- matches all the relevant values
...
179 |         "wedi" | "cyn" | "ar" | "mewn" | "allan" | "eto" |
    |                          ^^^^ no value can reach this

warning: unreachable pattern
   --> /Users/medcl/rust/pizza/contrib/analysis-core/src/token_filters/yiddish_gaelic.rs:196:41
    |
190 |         "ann" | "anns" | "às" | "bho" | "bhon" | "de" | "den" | "do" |
    |                                                                 ---- matches all the relevant values
...
196 |         "seo" | "sin" | "siud" | "mo" | "do" | "a" | "ar" | "ur" |
    |                                         ^^^^ no value can reach this

warning: unreachable pattern
   --> /Users/medcl/rust/pizza/contrib/analysis-core/src/token_filters/yiddish_gaelic.rs:196:48
    |
189 |         "an" | "am" | "a" | "na" | "nan" | "nam" | "ag" | "air" | "aig" |
    |                       --- matches all the relevant values
...
196 |         "seo" | "sin" | "siud" | "mo" | "do" | "a" | "ar" | "ur" |
    |                                                ^^^ no value can reach this

warning: unreachable pattern
   --> /Users/medcl/rust/pizza/contrib/analysis-core/src/token_filters/yiddish_gaelic.rs:197:24
    |
191 |         "don" | "e" | "eadar" | "fo" | "gu" | "gun" | "gus" | "le" |
    |                 --- matches all the relevant values
...
197 |         "mi" | "thu" | "e" | "i" | "sinn" | "sibh" | "iad"
    |                        ^^^ no value can reach this

Some errors have detailed explanations: E0061, E0277, E0308, E0433, E0506, E0599, E0603.
For more information about an error, try `rustc --explain E0061`.
warning: `pizza-analysis-core` (lib) generated 46 warnings
error: could not compile `pizza-analysis-core` (lib) due to 38 previous errors; 46 warnings emitted
